<?xml version="1.0" encoding="utf-8"?><testsuites name="pytest tests"><testsuite name="pytest" errors="0" failures="0" skipped="0" tests="11" time="2.987" timestamp="2026-08-27T13:02:19.185134+00:00" hostname="agent-env-99b158bf-d32e-4091-b031-8f20997cf973"><testcase classname="tests.test_iteration5_report_export.TestAuthCookies" name="test_login_sets_httponly_cookie" time="0.571" /><testcase classname="tests.test_iteration5_report_export.TestAuthCookies" name="test_me_with_cookie" time="0.574" /><testcase classname="tests.test_iteration5_report_export.TestReportExport" name="test_report_authenticated_pdf" time="1.168" /><testcase classname="tests.test_iteration5_report_export.TestAuthCookies" name="test_me_without_cookie" time="0.152" /><testcase classname="tests.test_iteration5_report_export.TestReportExport" name="test_report_lang_id" time="0.093" /><testcase classname="tests.test_iteration5_report_export.TestReportExport" name="test_report_invalid_lang_falls_back" time="0.096" /><testcase classname="tests.test_iteration5_report_export.TestAuthCookies" name="test_bcrypt_hash_format" time="0.088" /><testcase classname="tests.test_iteration5_report_export.TestReportExport" name="test_report_no_cookie_401" time="0.193" /><testcase classname="tests.test_iteration5_report_export.TestReportExport" name="test_report_bad_cookie_401" time="0.119" /><testcase classname="tests.test_iteration5_report_export.TestReportExport" name="test_report_unknown_project_404" time="0.094" /><testcase classname="tests.test_iteration5_report_export.TestReportExport" name="test_report_bearer_token_also_works" time="0.728" /></testsuite></testsuites>