<?xml version="1.0" encoding="utf-8"?><testsuites name="pytest tests"><testsuite name="pytest" errors="0" failures="1" skipped="0" tests="20" time="5.690" timestamp="2026-08-27T12:23:18.425001+00:00" hostname="agent-env-99b158bf-d32e-4091-b031-8f20997cf973"><testcase classname="tests.test_iteration4_extraction.TestAuth" name="test_login_sets_httponly_cookie" time="0.587" /><testcase classname="tests.test_iteration4_extraction.TestAuth" name="test_me_returns_admin" time="0.585" /><testcase classname="tests.test_iteration4_extraction.TestAuth" name="test_me_unauthenticated_is_401" time="0.235" /><testcase classname="tests.test_iteration4_extraction.TestAuth" name="test_google_session_requires_session_id" time="0.222" /><testcase classname="tests.test_iteration4_extraction.TestAuth" name="test_google_session_rejects_bogus_session_id" time="0.321" /><testcase classname="tests.test_iteration4_extraction.TestAuth" name="test_logout_clears_session" time="1.215" /><testcase classname="tests.test_iteration4_extraction.TestPart55Extraction" name="test_all_eleven_columns_mapped" time="2.091" /><testcase classname="tests.test_iteration4_extraction.TestPart55Extraction" name="test_detected_matches_row_count" time="0.000" /><testcase classname="tests.test_iteration4_extraction.TestPart55Extraction" name="test_values_normalized" time="0.000" /><testcase classname="tests.test_iteration4_extraction.TestImportAndAnalyze" name="test_import_respects_assigned_test_type_then_analyze" time="1.458" /><testcase classname="tests.test_iteration4_extraction.TestMappingOverrides" name="test_test_type_override_preserves_detected" time="1.150" /><testcase classname="tests.test_iteration4_extraction.TestImportAndAnalyze" name="test_import_404_for_unknown_document" time="0.088" /><testcase classname="tests.test_iteration4_extraction.TestSharing" name="test_viewer_share_is_publicly_readable" time="0.549" /><testcase classname="tests.test_iteration4_extraction.TestSharing" name="test_invalid_share_token_404" time="0.152" /><testcase classname="tests.test_iteration4_extraction.TestMappingOverrides" name="test_unmapped_column_can_be_assigned_supplier" time="0.424"><failure message="AssertionError: expected 'Nama Batching' to remain unmapped&#10;assert []">tests/test_iteration4_extraction.py:198: in test_unmapped_column_can_be_assigned_supplier
    assert unused, "expected 'Nama Batching' to remain unmapped"
E   AssertionError: expected 'Nama Batching' to remain unmapped
E   assert []</failure></testcase><testcase classname="tests.test_iteration4_extraction.TestUploadValidation" name="test_unsupported_suffix_rejected" time="0.341" /><testcase classname="tests.test_iteration4_extraction.TestUploadValidation" name="test_upload_requires_auth" time="0.116" /><testcase classname="tests.test_iteration4_extraction.TestMappingOverrides" name="test_mapping_404_for_unknown_document" time="0.063" /><testcase classname="tests.test_iteration4_extraction.TestProjects" name="test_created_project_is_owned_and_listed" time="0.176" /><testcase classname="tests.test_iteration4_extraction.TestFieldSynonyms" name="test_seventeen_canonical_fields" time="0.224" /></testsuite></testsuites>