<?xml version="1.0" encoding="utf-8"?><testsuites name="pytest tests"><testsuite name="pytest" errors="0" failures="0" skipped="0" tests="6" time="3.190" timestamp="2026-08-27T11:41:53.126497+00:00" hostname="agent-env-99b158bf-d32e-4091-b031-8f20997cf973"><testcase classname="tests.test_cqas_regression" name="test_auth_me_and_demo_dashboard" time="0.686" /><testcase classname="tests.test_cqas_regression" name="test_create_project_persists" time="0.152" /><testcase classname="tests.test_cqas_regression" name="test_manual_records_and_deterministic_analysis" time="0.254" /><testcase classname="tests.test_cqas_regression" name="test_report_download_and_upload_validation" time="0.157" /><testcase classname="tests.test_cqas_regression" name="test_indonesian_excel_upload_review_and_import" time="0.456" /><testcase classname="tests.test_cqas_regression" name="test_logout_invalidates_session" time="0.449" /></testsuite></testsuites>