<?xml version="1.0" encoding="utf-8"?><testsuites name="pytest tests"><testsuite name="pytest" errors="0" failures="1" skipped="0" tests="34" time="14.919" timestamp="2026-08-27T12:27:19.551979+00:00" hostname="agent-env-99b158bf-d32e-4091-b031-8f20997cf973"><testcase classname="tests.test_iteration4_extraction.TestAuth" name="test_login_sets_httponly_cookie" time="0.573" /><testcase classname="tests.test_cqas_regression" name="test_auth_me_and_demo_dashboard" time="1.280" /><testcase classname="tests.test_iteration4_extraction.TestAuth" name="test_me_returns_admin" time="0.568" /><testcase classname="tests.test_iteration4_extraction.TestAuth" name="test_me_unauthenticated_is_401" time="0.166" /><testcase classname="tests.test_cqas_regression" name="test_create_project_persists" time="0.178" /><testcase classname="tests.test_iteration4_extraction.TestAuth" name="test_google_session_requires_session_id" time="0.144" /><testcase classname="tests.test_iteration4_extraction.TestAuth" name="test_google_session_rejects_bogus_session_id" time="0.226" /><testcase classname="tests.test_cqas_regression" name="test_manual_records_and_deterministic_analysis" time="0.346" /><testcase classname="tests.test_iteration4_extraction.TestAuth" name="test_logout_clears_session" time="0.863" /><testcase classname="tests.test_cqas_regression" name="test_report_download_and_upload_validation" time="0.344" /><testcase classname="tests.test_cqas_regression" name="test_indonesian_excel_upload_review_and_import" time="0.897" /><testcase classname="tests.test_auth_security_iteration2" name="test_login_sets_httponly_cookie_and_me_returns_safe_user" time="0.484" /><testcase classname="tests.test_auth_security_iteration2" name="test_cors_allows_configured_origin_with_credentials" time="0.107"><failure message="AssertionError: assert '*' == 'https://slum...gentagent.com'&#10;  &#10;  - https://slump-check.preview.emergentagent.com&#10;  + *">tests/test_auth_security_iteration2.py:40: in test_cors_allows_configured_origin_with_credentials
    assert response.headers.get("access-control-allow-origin") == FRONTEND_ORIGIN
E   AssertionError: assert '*' == 'https://slum...gentagent.com'
E     
E     - https://slump-check.preview.emergentagent.com
E     + *</failure></testcase><testcase classname="tests.test_cqas_regression" name="test_logout_invalidates_session" time="0.613" /><testcase classname="tests.test_auth_security_iteration2" name="test_unknown_identifier_locks_after_five_failures" time="0.886" /><testcase classname="tests.test_iteration3_features" name="test_share_token_public_disable_and_expiry" time="2.016" /><testcase classname="tests.test_iteration4_extraction.TestPart55Extraction" name="test_all_eleven_columns_mapped" time="0.943" /><testcase classname="tests.test_iteration4_extraction.TestPart55Extraction" name="test_detected_matches_row_count" time="0.000" /><testcase classname="tests.test_iteration4_extraction.TestPart55Extraction" name="test_values_normalized" time="0.000" /><testcase classname="tests.test_iteration4_extraction.TestMappingOverrides" name="test_test_type_override_preserves_detected" time="0.672" /><testcase classname="tests.test_iteration4_extraction.TestMappingOverrides" name="test_unmapped_column_can_be_assigned_supplier" time="0.591" /><testcase classname="tests.test_iteration3_features" name="test_insights_filters_and_report_ready_shapes" time="0.659" /><testcase classname="tests.test_iteration4_extraction.TestMappingOverrides" name="test_mapping_404_for_unknown_document" time="0.081" /><testcase classname="tests.test_iteration3_features" name="test_queued_indonesian_excel_reaches_completed_and_imports" time="0.508" /><testcase classname="tests.test_iteration4_extraction.TestUploadValidation" name="test_unsupported_suffix_rejected" time="0.086" /><testcase classname="tests.test_iteration4_extraction.TestUploadValidation" name="test_upload_requires_auth" time="0.192" /><testcase classname="tests.test_iteration4_extraction.TestUploadValidation" name="test_oversized_file_rejected" time="6.672" /><testcase classname="tests.test_iteration4_extraction.TestImportAndAnalyze" name="test_import_respects_assigned_test_type_then_analyze" time="1.606" /><testcase classname="tests.test_iteration4_extraction.TestImportAndAnalyze" name="test_import_404_for_unknown_document" time="0.066" /><testcase classname="tests.test_iteration4_extraction.TestFieldSynonyms" name="test_seventeen_canonical_fields" time="0.161" /><testcase classname="tests.test_iteration4_extraction.TestProjects" name="test_created_project_is_owned_and_listed" time="0.141" /><testcase classname="tests.test_iteration4_extraction.TestOcrPdf" name="test_scanned_pdf_ocr_detects_records" time="1.098" /><testcase classname="tests.test_iteration4_extraction.TestSharing" name="test_viewer_share_is_publicly_readable" time="0.265" /><testcase classname="tests.test_iteration4_extraction.TestSharing" name="test_invalid_share_token_404" time="0.267" /></testsuite></testsuites>